
*** Running vivado
    with args -log SRAM.vds -m64 -product Vivado -mode batch -messageDb vivado.pb -notrace -source SRAM.tcl


ECHO 处于关闭状态。
ECHO 处于关闭状态。

****** Vivado v2023.2 (64-bit)
  **** SW Build 4029153 on Fri Oct 13 20:14:34 MDT 2023
  **** IP Build 4028589 on Sat Oct 14 00:45:43 MDT 2023
  **** SharedData Build 4025554 on Tue Oct 10 17:18:54 MDT 2023
    ** Copyright 1986-2022 Xilinx, Inc. All Rights Reserved.
    ** Copyright 2022-2023 Advanced Micro Devices, Inc. All Rights Reserved.

source SRAM.tcl -notrace
create_project: Time (s): cpu = 00:00:02 ; elapsed = 00:00:05 . Memory (MB): peak = 468.320 ; gain = 184.281
Command: read_checkpoint -auto_incremental -incremental {C:/Users/Gu Jiyang/Documents/ShuDian/SRAM/SRAM.srcs/utils_1/imports/synth_1/SRAM.dcp}
INFO: [Vivado 12-5825] Read reference checkpoint from C:/Users/Gu Jiyang/Documents/ShuDian/SRAM/SRAM.srcs/utils_1/imports/synth_1/SRAM.dcp for incremental synthesis
INFO: [Vivado 12-7989] Please ensure there are no constraint changes
Command: synth_design -top SRAM -part xc7a35tcsg324-1
Starting synth_design
Attempting to get a license for feature 'Synthesis' and/or device 'xc7a35t'
INFO: [Common 17-349] Got license for feature 'Synthesis' and/or device 'xc7a35t'
INFO: [Device 21-403] Loading part xc7a35tcsg324-1
INFO: [Designutils 20-5440] No compile time benefit to using incremental synthesis; A full resynthesis will be run
INFO: [Designutils 20-4379] Flow is switching to default flow due to incremental criteria not met. If you would like to alter this behaviour and have the flow terminate instead, please set the following parameter config_implementation {autoIncr.Synth.RejectBehavior Terminate}
INFO: [Synth 8-7079] Multithreading enabled for synth_design using a maximum of 2 processes.
INFO: [Synth 8-7078] Launching helper process for spawning children vivado processes
INFO: [Synth 8-7075] Helper process launched with PID 28236
---------------------------------------------------------------------------------
Starting RTL Elaboration : Time (s): cpu = 00:00:01 ; elapsed = 00:00:05 . Memory (MB): peak = 1305.176 ; gain = 441.859
---------------------------------------------------------------------------------
INFO: [Synth 8-11241] undeclared symbol 'clk', assumed default net type 'wire' [C:/Users/Gu Jiyang/Documents/ShuDian/SRAM/SRAM.srcs/sources_1/new/SRAM.v:44]
INFO: [Synth 8-6157] synthesizing module 'SRAM' [C:/Users/Gu Jiyang/Documents/ShuDian/SRAM/SRAM.srcs/sources_1/new/SRAM.v:23]
INFO: [Synth 8-6157] synthesizing module 'FreqDiv' [C:/Users/Gu Jiyang/Documents/ShuDian/SRAM/SRAM.srcs/sources_1/new/FreqDiv.v:23]
	Parameter N bound to: 100000 - type: integer 
INFO: [Synth 8-6155] done synthesizing module 'FreqDiv' (0#1) [C:/Users/Gu Jiyang/Documents/ShuDian/SRAM/SRAM.srcs/sources_1/new/FreqDiv.v:23]
INFO: [Synth 8-6157] synthesizing module 'FreqDiv__parameterized0' [C:/Users/Gu Jiyang/Documents/ShuDian/SRAM/SRAM.srcs/sources_1/new/FreqDiv.v:23]
	Parameter N bound to: 5000000 - type: integer 
INFO: [Synth 8-6155] done synthesizing module 'FreqDiv__parameterized0' (0#1) [C:/Users/Gu Jiyang/Documents/ShuDian/SRAM/SRAM.srcs/sources_1/new/FreqDiv.v:23]
INFO: [Synth 8-6157] synthesizing module 'FreqDiv__parameterized1' [C:/Users/Gu Jiyang/Documents/ShuDian/SRAM/SRAM.srcs/sources_1/new/FreqDiv.v:23]
	Parameter N bound to: 5000 - type: integer 
INFO: [Synth 8-6155] done synthesizing module 'FreqDiv__parameterized1' (0#1) [C:/Users/Gu Jiyang/Documents/ShuDian/SRAM/SRAM.srcs/sources_1/new/FreqDiv.v:23]
INFO: [Synth 8-6157] synthesizing module 'SignalPosedge' [C:/Users/Gu Jiyang/Documents/ShuDian/SRAM/SRAM.srcs/sources_1/new/SignalPosedge.v:23]
INFO: [Synth 8-6155] done synthesizing module 'SignalPosedge' (0#1) [C:/Users/Gu Jiyang/Documents/ShuDian/SRAM/SRAM.srcs/sources_1/new/SignalPosedge.v:23]
INFO: [Synth 8-6157] synthesizing module 'Bounce' [C:/Users/Gu Jiyang/Documents/ShuDian/SRAM/SRAM.srcs/sources_1/new/Bounce.v:23]
	Parameter MAX bound to: 2 - type: integer 
INFO: [Synth 8-6155] done synthesizing module 'Bounce' (0#1) [C:/Users/Gu Jiyang/Documents/ShuDian/SRAM/SRAM.srcs/sources_1/new/Bounce.v:23]
INFO: [Synth 8-155] case statement is not full and has no default [C:/Users/Gu Jiyang/Documents/ShuDian/SRAM/SRAM.srcs/sources_1/new/SRAM.v:56]
INFO: [Synth 8-155] case statement is not full and has no default [C:/Users/Gu Jiyang/Documents/ShuDian/SRAM/SRAM.srcs/sources_1/new/SRAM.v:68]
INFO: [Synth 8-6157] synthesizing module 'Decoder_all' [C:/Users/Gu Jiyang/Documents/ShuDian/SRAM/SRAM.srcs/sources_1/new/Decoder_all.v:23]
INFO: [Synth 8-6157] synthesizing module 'Decoder' [C:/Users/Gu Jiyang/Documents/ShuDian/SRAM/SRAM.srcs/sources_1/new/Decoder.v:23]
INFO: [Synth 8-226] default block is never used [C:/Users/Gu Jiyang/Documents/ShuDian/SRAM/SRAM.srcs/sources_1/new/Decoder.v:28]
INFO: [Synth 8-6155] done synthesizing module 'Decoder' (0#1) [C:/Users/Gu Jiyang/Documents/ShuDian/SRAM/SRAM.srcs/sources_1/new/Decoder.v:23]
INFO: [Synth 8-6155] done synthesizing module 'Decoder_all' (0#1) [C:/Users/Gu Jiyang/Documents/ShuDian/SRAM/SRAM.srcs/sources_1/new/Decoder_all.v:23]
INFO: [Synth 8-6157] synthesizing module 'Disp' [C:/Users/Gu Jiyang/Documents/ShuDian/SRAM/SRAM.srcs/sources_1/new/Disp.v:23]
INFO: [Synth 8-6155] done synthesizing module 'Disp' (0#1) [C:/Users/Gu Jiyang/Documents/ShuDian/SRAM/SRAM.srcs/sources_1/new/Disp.v:23]
INFO: [Synth 8-6155] done synthesizing module 'SRAM' (0#1) [C:/Users/Gu Jiyang/Documents/ShuDian/SRAM/SRAM.srcs/sources_1/new/SRAM.v:23]
WARNING: [Synth 8-3917] design SRAM has port sram_ub_n driven by constant 0
WARNING: [Synth 8-3917] design SRAM has port sram_lb_n driven by constant 0
WARNING: [Synth 8-3917] design SRAM has port sram_ce_n driven by constant 0
WARNING: [Synth 8-3917] design SRAM has port sram_oe_n driven by constant 0
---------------------------------------------------------------------------------
Finished RTL Elaboration : Time (s): cpu = 00:00:01 ; elapsed = 00:00:07 . Memory (MB): peak = 1413.648 ; gain = 550.332
---------------------------------------------------------------------------------
---------------------------------------------------------------------------------
Start Handling Custom Attributes
---------------------------------------------------------------------------------
---------------------------------------------------------------------------------
Finished Handling Custom Attributes : Time (s): cpu = 00:00:01 ; elapsed = 00:00:07 . Memory (MB): peak = 1413.648 ; gain = 550.332
---------------------------------------------------------------------------------
---------------------------------------------------------------------------------
Finished RTL Optimization Phase 1 : Time (s): cpu = 00:00:01 ; elapsed = 00:00:07 . Memory (MB): peak = 1413.648 ; gain = 550.332
---------------------------------------------------------------------------------
Netlist sorting complete. Time (s): cpu = 00:00:00 ; elapsed = 00:00:00.004 . Memory (MB): peak = 1413.648 ; gain = 0.000
INFO: [Project 1-570] Preparing netlist for logic optimization

Processing XDC Constraints
Initializing timing engine
Parsing XDC File [C:/Users/Gu Jiyang/Documents/ShuDian/SRAM/EGo1.xdc]
Finished Parsing XDC File [C:/Users/Gu Jiyang/Documents/ShuDian/SRAM/EGo1.xdc]
INFO: [Project 1-236] Implementation specific constraints were found while reading constraint file [C:/Users/Gu Jiyang/Documents/ShuDian/SRAM/EGo1.xdc]. These constraints will be ignored for synthesis but will be used in implementation. Impacted constraints are listed in the file [.Xil/SRAM_propImpl.xdc].
Resolution: To avoid this warning, move constraints listed in [.Xil/SRAM_propImpl.xdc] to another XDC file and exclude this new file from synthesis with the used_in_synthesis property (File Properties dialog in GUI) and re-run elaboration/synthesis.
Completed Processing XDC Constraints

Netlist sorting complete. Time (s): cpu = 00:00:00 ; elapsed = 00:00:00 . Memory (MB): peak = 1443.449 ; gain = 0.000
INFO: [Project 1-111] Unisim Transformation Summary:
No Unisim elements were transformed.

拒绝访问。
Constraint Validation Runtime : Time (s): cpu = 00:00:00 ; elapsed = 00:00:00.003 . Memory (MB): peak = 1443.449 ; gain = 0.000
INFO: [Designutils 20-5440] No compile time benefit to using incremental synthesis; A full resynthesis will be run
INFO: [Designutils 20-4379] Flow is switching to default flow due to incremental criteria not met. If you would like to alter this behaviour and have the flow terminate instead, please set the following parameter config_implementation {autoIncr.Synth.RejectBehavior Terminate}
---------------------------------------------------------------------------------
Finished Constraint Validation : Time (s): cpu = 00:00:02 ; elapsed = 00:00:14 . Memory (MB): peak = 1443.449 ; gain = 580.133
---------------------------------------------------------------------------------
---------------------------------------------------------------------------------
Start Loading Part and Timing Information
---------------------------------------------------------------------------------
Loading part: xc7a35tcsg324-1
---------------------------------------------------------------------------------
Finished Loading Part and Timing Information : Time (s): cpu = 00:00:02 ; elapsed = 00:00:14 . Memory (MB): peak = 1443.449 ; gain = 580.133
---------------------------------------------------------------------------------
---------------------------------------------------------------------------------
Start Applying 'set_property' XDC Constraints
---------------------------------------------------------------------------------
---------------------------------------------------------------------------------
Finished applying 'set_property' XDC Constraints : Time (s): cpu = 00:00:02 ; elapsed = 00:00:14 . Memory (MB): peak = 1443.449 ; gain = 580.133
---------------------------------------------------------------------------------
INFO: [Synth 8-802] inferred FSM for state register 'current_state_reg' in module 'Disp'
INFO: [Synth 8-802] inferred FSM for state register 'current_state_reg' in module 'SRAM'
WARNING: [Synth 8-327] inferring latch for variable 'next_state_reg' [C:/Users/Gu Jiyang/Documents/ShuDian/SRAM/SRAM.srcs/sources_1/new/Bounce.v:37]
---------------------------------------------------------------------------------------------------
                   State |                     New Encoding |                Previous Encoding 
---------------------------------------------------------------------------------------------------
                 STATE_A |                               00 |                               00
                 STATE_B |                               01 |                               01
                 STATE_C |                               10 |                               10
                 STATE_D |                               11 |                               11
---------------------------------------------------------------------------------------------------
INFO: [Synth 8-3354] encoded FSM with state register 'current_state_reg' using encoding 'sequential' in module 'Disp'
WARNING: [Synth 8-327] inferring latch for variable 'FSM_sequential_next_state_reg' [C:/Users/Gu Jiyang/Documents/ShuDian/SRAM/SRAM.srcs/sources_1/new/SRAM.v:57]
WARNING: [Synth 8-327] inferring latch for variable 'FSM_onehot_next_state_reg' [C:/Users/Gu Jiyang/Documents/ShuDian/SRAM/SRAM.srcs/sources_1/new/SRAM.v:57]
---------------------------------------------------------------------------------------------------
                   State |                     New Encoding |                Previous Encoding 
---------------------------------------------------------------------------------------------------
                 iSTATE1 |                               00 |                               01
                  iSTATE |                               01 |                               00
                 iSTATE0 |                               10 |                               10
---------------------------------------------------------------------------------------------------
INFO: [Synth 8-3354] encoded FSM with state register 'current_state_reg' using encoding 'sequential' in module 'SRAM'
WARNING: [Synth 8-327] inferring latch for variable 'FSM_sequential_next_state_reg' [C:/Users/Gu Jiyang/Documents/ShuDian/SRAM/SRAM.srcs/sources_1/new/SRAM.v:57]
---------------------------------------------------------------------------------
Finished RTL Optimization Phase 2 : Time (s): cpu = 00:00:02 ; elapsed = 00:00:14 . Memory (MB): peak = 1443.449 ; gain = 580.133
---------------------------------------------------------------------------------
---------------------------------------------------------------------------------
Start RTL Component Statistics 
---------------------------------------------------------------------------------
Detailed RTL Component Info : 
+---Adders : 
	   2 Input   26 Bit       Adders := 3     
	   2 Input   16 Bit       Adders := 2     
	   2 Input    4 Bit       Adders := 1     
+---Registers : 
	               26 Bit    Registers := 3     
	               16 Bit    Registers := 3     
	                7 Bit    Registers := 1     
	                4 Bit    Registers := 1     
	                1 Bit    Registers := 7     
+---Muxes : 
	   3 Input   16 Bit        Muxes := 1     
	   2 Input   16 Bit        Muxes := 1     
	   4 Input    7 Bit        Muxes := 2     
	   2 Input    7 Bit        Muxes := 1     
	   8 Input    4 Bit        Muxes := 1     
	   4 Input    2 Bit        Muxes := 2     
	   3 Input    2 Bit        Muxes := 2     
	   2 Input    2 Bit        Muxes := 5     
	   2 Input    1 Bit        Muxes := 5     
	   3 Input    1 Bit        Muxes := 8     
---------------------------------------------------------------------------------
Finished RTL Component Statistics 
---------------------------------------------------------------------------------
---------------------------------------------------------------------------------
Start Part Resource Summary
---------------------------------------------------------------------------------
Part Resources:
DSPs: 90 (col length:60)
BRAMs: 100 (col length: RAMB18 60 RAMB36 30)
---------------------------------------------------------------------------------
Finished Part Resource Summary
---------------------------------------------------------------------------------
---------------------------------------------------------------------------------
Start Cross Boundary and Area Optimization
---------------------------------------------------------------------------------
WARNING: [Synth 8-7080] Parallel synthesis criteria is not met
WARNING: [Synth 8-3917] design SRAM has port sram_ub_n driven by constant 0
WARNING: [Synth 8-3917] design SRAM has port sram_lb_n driven by constant 0
WARNING: [Synth 8-3917] design SRAM has port sram_ce_n driven by constant 0
WARNING: [Synth 8-3917] design SRAM has port sram_oe_n driven by constant 0
CRITICAL WARNING: [Synth 8-6859] multi-driven net on pin Q with 1st driver pin 'Bounce1/cnt_reg[3]/Q' [C:/Users/Gu Jiyang/Documents/ShuDian/SRAM/SRAM.srcs/sources_1/new/Bounce.v:63]
CRITICAL WARNING: [Synth 8-6859] multi-driven net on pin Q with 2nd driver pin 'GND' [C:/Users/Gu Jiyang/Documents/ShuDian/SRAM/SRAM.srcs/sources_1/new/Bounce.v:63]
CRITICAL WARNING: [Synth 8-6858] multi-driven net Q is connected to at least one constant driver which has been preserved, other driver is ignored [C:/Users/Gu Jiyang/Documents/ShuDian/SRAM/SRAM.srcs/sources_1/new/Bounce.v:63]
CRITICAL WARNING: [Synth 8-6859] multi-driven net on pin Q with 1st driver pin 'Bounce1/cnt_reg[2]/Q' [C:/Users/Gu Jiyang/Documents/ShuDian/SRAM/SRAM.srcs/sources_1/new/Bounce.v:63]
CRITICAL WARNING: [Synth 8-6859] multi-driven net on pin Q with 2nd driver pin 'GND' [C:/Users/Gu Jiyang/Documents/ShuDian/SRAM/SRAM.srcs/sources_1/new/Bounce.v:63]
CRITICAL WARNING: [Synth 8-6858] multi-driven net Q is connected to at least one constant driver which has been preserved, other driver is ignored [C:/Users/Gu Jiyang/Documents/ShuDian/SRAM/SRAM.srcs/sources_1/new/Bounce.v:63]
CRITICAL WARNING: [Synth 8-6859] multi-driven net on pin Q with 1st driver pin 'Bounce1/cnt_reg[1]/Q' [C:/Users/Gu Jiyang/Documents/ShuDian/SRAM/SRAM.srcs/sources_1/new/Bounce.v:63]
CRITICAL WARNING: [Synth 8-6859] multi-driven net on pin Q with 2nd driver pin 'GND' [C:/Users/Gu Jiyang/Documents/ShuDian/SRAM/SRAM.srcs/sources_1/new/Bounce.v:63]
CRITICAL WARNING: [Synth 8-6858] multi-driven net Q is connected to at least one constant driver which has been preserved, other driver is ignored [C:/Users/Gu Jiyang/Documents/ShuDian/SRAM/SRAM.srcs/sources_1/new/Bounce.v:63]
CRITICAL WARNING: [Synth 8-6859] multi-driven net on pin Q with 1st driver pin 'Bounce1/cnt_reg[0]/Q' [C:/Users/Gu Jiyang/Documents/ShuDian/SRAM/SRAM.srcs/sources_1/new/Bounce.v:63]
CRITICAL WARNING: [Synth 8-6859] multi-driven net on pin Q with 2nd driver pin 'GND' [C:/Users/Gu Jiyang/Documents/ShuDian/SRAM/SRAM.srcs/sources_1/new/Bounce.v:63]
CRITICAL WARNING: [Synth 8-6858] multi-driven net Q is connected to at least one constant driver which has been preserved, other driver is ignored [C:/Users/Gu Jiyang/Documents/ShuDian/SRAM/SRAM.srcs/sources_1/new/Bounce.v:63]
---------------------------------------------------------------------------------
Finished Cross Boundary and Area Optimization : Time (s): cpu = 00:00:02 ; elapsed = 00:00:17 . Memory (MB): peak = 1443.449 ; gain = 580.133
---------------------------------------------------------------------------------
---------------------------------------------------------------------------------
Start Applying XDC Timing Constraints
---------------------------------------------------------------------------------
---------------------------------------------------------------------------------
Finished Applying XDC Timing Constraints : Time (s): cpu = 00:00:03 ; elapsed = 00:00:21 . Memory (MB): peak = 1443.449 ; gain = 580.133
---------------------------------------------------------------------------------
---------------------------------------------------------------------------------
Start Timing Optimization
---------------------------------------------------------------------------------
---------------------------------------------------------------------------------
Finished Timing Optimization : Time (s): cpu = 00:00:03 ; elapsed = 00:00:21 . Memory (MB): peak = 1443.449 ; gain = 580.133
---------------------------------------------------------------------------------
---------------------------------------------------------------------------------
Start Technology Mapping
---------------------------------------------------------------------------------
---------------------------------------------------------------------------------
Finished Technology Mapping : Time (s): cpu = 00:00:03 ; elapsed = 00:00:21 . Memory (MB): peak = 1443.449 ; gain = 580.133
---------------------------------------------------------------------------------
---------------------------------------------------------------------------------
Start IO Insertion
---------------------------------------------------------------------------------
---------------------------------------------------------------------------------
Start Flattening Before IO Insertion
---------------------------------------------------------------------------------
---------------------------------------------------------------------------------
Finished Flattening Before IO Insertion
---------------------------------------------------------------------------------
---------------------------------------------------------------------------------
Start Final Netlist Cleanup
---------------------------------------------------------------------------------
---------------------------------------------------------------------------------
Finished Final Netlist Cleanup
---------------------------------------------------------------------------------
---------------------------------------------------------------------------------
Finished IO Insertion : Time (s): cpu = 00:00:04 ; elapsed = 00:00:25 . Memory (MB): peak = 1443.449 ; gain = 580.133
---------------------------------------------------------------------------------
---------------------------------------------------------------------------------
Start Renaming Generated Instances
---------------------------------------------------------------------------------
---------------------------------------------------------------------------------
Finished Renaming Generated Instances : Time (s): cpu = 00:00:04 ; elapsed = 00:00:25 . Memory (MB): peak = 1443.449 ; gain = 580.133
---------------------------------------------------------------------------------
---------------------------------------------------------------------------------
Start Rebuilding User Hierarchy
---------------------------------------------------------------------------------
---------------------------------------------------------------------------------
Finished Rebuilding User Hierarchy : Time (s): cpu = 00:00:04 ; elapsed = 00:00:25 . Memory (MB): peak = 1443.449 ; gain = 580.133
---------------------------------------------------------------------------------
---------------------------------------------------------------------------------
Start Renaming Generated Ports
---------------------------------------------------------------------------------
---------------------------------------------------------------------------------
Finished Renaming Generated Ports : Time (s): cpu = 00:00:04 ; elapsed = 00:00:25 . Memory (MB): peak = 1443.449 ; gain = 580.133
---------------------------------------------------------------------------------
---------------------------------------------------------------------------------
Start Handling Custom Attributes
---------------------------------------------------------------------------------
---------------------------------------------------------------------------------
Finished Handling Custom Attributes : Time (s): cpu = 00:00:04 ; elapsed = 00:00:25 . Memory (MB): peak = 1443.449 ; gain = 580.133
---------------------------------------------------------------------------------
---------------------------------------------------------------------------------
Start Renaming Generated Nets
---------------------------------------------------------------------------------
---------------------------------------------------------------------------------
Finished Renaming Generated Nets : Time (s): cpu = 00:00:04 ; elapsed = 00:00:25 . Memory (MB): peak = 1443.449 ; gain = 580.133
---------------------------------------------------------------------------------
---------------------------------------------------------------------------------
Start Writing Synthesis Report
---------------------------------------------------------------------------------

Report BlackBoxes: 
+-+--------------+----------+
| |BlackBox name |Instances |
+-+--------------+----------+
+-+--------------+----------+

Report Cell Usage: 
+------+-------+------+
|      |Cell   |Count |
+------+-------+------+
|1     |BUFG   |     1|
|2     |CARRY4 |    22|
|3     |LUT1   |    11|
|4     |LUT2   |    43|
|5     |LUT3   |    28|
|6     |LUT4   |    21|
|7     |LUT5   |    13|
|8     |LUT6   |    23|
|9     |FDRE   |   121|
|10    |LD     |     2|
|11    |LDCP   |     1|
|12    |IBUF   |    18|
|13    |IOBUF  |    16|
|14    |OBUF   |    32|
+------+-------+------+
---------------------------------------------------------------------------------
Finished Writing Synthesis Report : Time (s): cpu = 00:00:04 ; elapsed = 00:00:25 . Memory (MB): peak = 1443.449 ; gain = 580.133
---------------------------------------------------------------------------------
Synthesis finished with 0 errors, 12 critical warnings and 9 warnings.
Synthesis Optimization Runtime : Time (s): cpu = 00:00:03 ; elapsed = 00:00:24 . Memory (MB): peak = 1443.449 ; gain = 550.332
Synthesis Optimization Complete : Time (s): cpu = 00:00:04 ; elapsed = 00:00:25 . Memory (MB): peak = 1443.449 ; gain = 580.133
INFO: [Project 1-571] Translating synthesized netlist
Netlist sorting complete. Time (s): cpu = 00:00:00 ; elapsed = 00:00:00.006 . Memory (MB): peak = 1443.449 ; gain = 0.000
INFO: [Netlist 29-17] Analyzing 41 Unisim elements for replacement
INFO: [Netlist 29-28] Unisim Transformation completed in 0 CPU seconds
INFO: [Project 1-570] Preparing netlist for logic optimization
INFO: [Opt 31-138] Pushed 0 inverter(s) to 0 load pin(s).
Netlist sorting complete. Time (s): cpu = 00:00:00 ; elapsed = 00:00:00 . Memory (MB): peak = 1445.531 ; gain = 0.000
INFO: [Project 1-111] Unisim Transformation Summary:
  A total of 19 instances were transformed.
  IOBUF => IOBUF (IBUF, OBUFT): 16 instances
  LD => LDCE: 2 instances
  LDCP => LDCP (GND, LDCE, LUT3(x2), VCC): 1 instance 

拒绝访问。
Synth Design complete | Checksum: f60b3952
INFO: [Common 17-83] Releasing license: Synthesis
47 Infos, 13 Warnings, 12 Critical Warnings and 0 Errors encountered.
synth_design completed successfully
synth_design: Time (s): cpu = 00:00:04 ; elapsed = 00:00:31 . Memory (MB): peak = 1445.531 ; gain = 974.242
INFO: [runtcl-6] Synthesis results are not added to the cache due to CRITICAL_WARNING
Write ShapeDB Complete: Time (s): cpu = 00:00:00 ; elapsed = 00:00:00.002 . Memory (MB): peak = 1445.531 ; gain = 0.000
INFO: [Common 17-1381] The checkpoint 'C:/Users/Gu Jiyang/Documents/ShuDian/SRAM/SRAM.runs/synth_1/SRAM.dcp' has been generated.
INFO: [runtcl-4] Executing : report_utilization -file SRAM_utilization_synth.rpt -pb SRAM_utilization_synth.pb
INFO: [Common 17-206] Exiting Vivado at Sat Jun  1 21:12:25 2024...
